[0.041s] Invoking command in '/home/vboxuser/ros2_ws/build/my_robot_interfaces': /usr/bin/cmake /home/vboxuser/ros2_ws/src/my_robot_interfaces -DCMAKE_INSTALL_PREFIX=/home/vboxuser/ros2_ws/install/my_robot_interfaces
[0.060s] -- Found ament_cmake: 1.3.10 (/opt/ros/humble/share/ament_cmake/cmake)
[0.223s] -- Found rosidl_default_generators: 1.2.0 (/opt/ros/humble/share/rosidl_default_generators/cmake)
[0.223s] -- Using all available rosidl_typesupport_c: rosidl_typesupport_fastrtps_c;rosidl_typesupport_introspection_c
[0.233s] -- Found rosidl_adapter: 3.1.5 (/opt/ros/humble/share/rosidl_adapter/cmake)
[0.263s] -- Using all available rosidl_typesupport_cpp: rosidl_typesupport_fastrtps_cpp;rosidl_typesupport_introspection_cpp
[0.488s] Error parsing '/home/vboxuser/ros2_ws/src/my_robot_interfaces/package.xml':
[0.534s] Traceback (most recent call last):
[0.534s]   File "/usr/lib/python3/dist-packages/catkin_pkg/package.py", line 610, in parse_package_string
[0.534s]     root = dom.parseString(data)
[0.535s]   File "/usr/lib/python3.10/xml/dom/minidom.py", line 2000, in parseString
[0.535s]     return expatbuilder.parseString(string)
[0.535s]   File "/usr/lib/python3.10/xml/dom/expatbuilder.py", line 925, in parseString
[0.538s]     return builder.parseString(string)
[0.539s]   File "/usr/lib/python3.10/xml/dom/expatbuilder.py", line 223, in parseString
[0.539s]     parser.Parse(string, True)
[0.539s] xml.parsers.expat.ExpatError: mismatched tag: line 23, column 2
[0.539s] 
[0.539s] During handling of the above exception, another exception occurred:
[0.539s] 
[0.539s] Traceback (most recent call last):
[0.539s]   File "/opt/ros/humble/share/ament_cmake_core/cmake/core/package_xml_2_cmake.py", line 150, in <module>
[0.539s]     main()
[0.539s]   File "/opt/ros/humble/share/ament_cmake_core/cmake/core/package_xml_2_cmake.py", line 53, in main
[0.539s]     raise e
[0.539s]   File "/opt/ros/humble/share/ament_cmake_core/cmake/core/package_xml_2_cmake.py", line 49, in main
[0.539s]     package = parse_package_string(
[0.539s]   File "/usr/lib/python3/dist-packages/catkin_pkg/package.py", line 612, in parse_package_string
[0.539s]     raise InvalidPackage('The manifest contains invalid XML:\n%s' % ex, filename)
[0.539s] catkin_pkg.package.InvalidPackage: Error(s) in package '/home/vboxuser/ros2_ws/src/my_robot_interfaces/package.xml':
[0.539s] The manifest contains invalid XML:
[0.539s] mismatched tag: line 23, column 2
[0.550s] [31mCMake Error at /opt/ros/humble/share/ament_cmake_core/cmake/core/ament_package_xml.cmake:95 (message):
[0.550s]   execute_process(/usr/bin/python3
[0.550s]   /opt/ros/humble/share/ament_cmake_core/cmake/core/package_xml_2_cmake.py
[0.550s]   /home/vboxuser/ros2_ws/src/my_robot_interfaces/package.xml
[0.550s]   /home/vboxuser/ros2_ws/build/my_robot_interfaces/ament_cmake_core/package.cmake)
[0.550s]   returned error code 1
[0.550s] Call Stack (most recent call first):
[0.550s]   /opt/ros/humble/share/ament_cmake_core/cmake/core/ament_package_xml.cmake:49 (_ament_package_xml)
[0.551s]   /opt/ros/humble/share/rosidl_cmake/cmake/rosidl_generate_interfaces.cmake:226 (ament_package_xml)
[0.551s]   CMakeLists.txt:11 (rosidl_generate_interfaces)
[0.551s] 
[0.551s] [0m
[0.551s] -- Configuring incomplete, errors occurred!
[0.551s] See also "/home/vboxuser/ros2_ws/build/my_robot_interfaces/CMakeFiles/CMakeOutput.log".
[0.557s] Invoked command in '/home/vboxuser/ros2_ws/build/my_robot_interfaces' returned '1': /usr/bin/cmake /home/vboxuser/ros2_ws/src/my_robot_interfaces -DCMAKE_INSTALL_PREFIX=/home/vboxuser/ros2_ws/install/my_robot_interfaces
